<?xml version="1.0" encoding="UTF-8"?>
<!-- Generated by org.testng.reporters.JUnitReportReporter -->
<testsuite hostname="DESKTOP-SFS223H" name="com.automationpractice.qa.tests.ContactUsPageTest" tests="1" failures="0" timestamp="1 Oct 2019 15:12:58 GMT" time="13.107" errors="0">
  <testcase name="sendMessageTest" time="13.107" classname="com.automationpractice.qa.tests.ContactUsPageTest"/>
</testsuite> <!-- com.automationpractice.qa.tests.ContactUsPageTest -->
