<?xml version="1.0" encoding="UTF-8"?>
<!-- Generated by org.testng.reporters.JUnitReportReporter -->
<testsuite hostname="DESKTOP-SFS223H" name="com.automationpractice.qa.tests.MyStoreHomePageTest" tests="3" failures="0" timestamp="1 Oct 2019 15:12:58 GMT" time="38.365" errors="0">
  <testcase name="clickOnContactUsTest" time="16.646" classname="com.automationpractice.qa.tests.MyStoreHomePageTest"/>
  <testcase name="MyStoreHomePageTitleTest" time="9.172" classname="com.automationpractice.qa.tests.MyStoreHomePageTest"/>
  <testcase name="verifyLogoTest" time="12.547" classname="com.automationpractice.qa.tests.MyStoreHomePageTest"/>
</testsuite> <!-- com.automationpractice.qa.tests.MyStoreHomePageTest -->
