<?xml version="1.0" encoding="UTF-8"?>
<!-- Generated by org.testng.reporters.JUnitReportReporter -->
<testsuite hostname="DESKTOP-SFS223H" name="com.herokuapp.qa.tests.HerokuAppHomePageTest" tests="10" failures="0" timestamp="13 Oct 2019 16:10:02 GMT" time="74.581" errors="0">
  <testcase name="clickButtonThreeTest" time="6.998" classname="com.herokuapp.qa.tests.HerokuAppHomePageTest"/>
  <testcase name="HerokuAppHomePageHeaderTest" time="6.605" classname="com.herokuapp.qa.tests.HerokuAppHomePageTest"/>
  <testcase name="verifyTableHeaderValuesTest" time="7.601" classname="com.herokuapp.qa.tests.HerokuAppHomePageTest"/>
  <testcase name="HerokuAppHomePageTitleTest" time="6.396" classname="com.herokuapp.qa.tests.HerokuAppHomePageTest"/>
  <testcase name="verifyButton1ColorTest" time="7.178" classname="com.herokuapp.qa.tests.HerokuAppHomePageTest"/>
  <testcase name="verifyRowsAndColumns" time="6.919" classname="com.herokuapp.qa.tests.HerokuAppHomePageTest"/>
  <testcase name="clickButtonTwoTest" time="7.874" classname="com.herokuapp.qa.tests.HerokuAppHomePageTest"/>
  <testcase name="verifyButtonVisibleTest" time="8.970" classname="com.herokuapp.qa.tests.HerokuAppHomePageTest"/>
  <testcase name="verifyResultTest" time="6.795" classname="com.herokuapp.qa.tests.HerokuAppHomePageTest"/>
  <testcase name="clickButtonOneTest" time="9.245" classname="com.herokuapp.qa.tests.HerokuAppHomePageTest"/>
</testsuite> <!-- com.herokuapp.qa.tests.HerokuAppHomePageTest -->
